2024-09-24 11:49:00,791 - app.config - DEBUG - Firebase credentials loaded from file: bakedbot-agents-firebase-adminsdk-raxn3-f1bb4d53ce.json
2024-09-24 11:49:00,791 - app.config - DEBUG - Firebase initialized successfully
2024-09-24 11:49:07,679 - app.config - DEBUG - User authenticated with user_id: ciyXUK32xbVlkdQwvFwEnNw0Sxy1
2024-09-24 11:49:09,268 - app.config - DEBUG - User authenticated with user_id: ciyXUK32xbVlkdQwvFwEnNw0Sxy1
2024-09-24 11:49:09,600 - app.config - ERROR - Unhandled exception: maximum recursion depth exceeded
  + Exception Group Traceback (most recent call last):
  |   File "/Users/dashon/Development/Applications/Cannabis-Marketing-Assistant-Backend-dashboard-Alpha/myenv/lib/python3.10/site-packages/starlette/_utils.py", line 87, in collapse_excgroups
  |     yield
  |   File "/Users/dashon/Development/Applications/Cannabis-Marketing-Assistant-Backend-dashboard-Alpha/myenv/lib/python3.10/site-packages/starlette/middleware/base.py", line 190, in __call__
  |     async with anyio.create_task_group() as task_group:
  |   File "/Users/dashon/Development/Applications/Cannabis-Marketing-Assistant-Backend-dashboard-Alpha/myenv/lib/python3.10/site-packages/anyio/_backends/_asyncio.py", line 680, in __aexit__
  |     raise BaseExceptionGroup(
  | exceptiongroup.ExceptionGroup: unhandled errors in a TaskGroup (1 sub-exception)
  +-+---------------- 1 ----------------
    | Traceback (most recent call last):
    |   File "/Users/dashon/Development/Applications/Cannabis-Marketing-Assistant-Backend-dashboard-Alpha/myenv/lib/python3.10/site-packages/starlette/middleware/errors.py", line 164, in __call__
    |     await self.app(scope, receive, _send)
    |   File "/Users/dashon/Development/Applications/Cannabis-Marketing-Assistant-Backend-dashboard-Alpha/myenv/lib/python3.10/site-packages/starlette/middleware/base.py", line 189, in __call__
    |     with collapse_excgroups():
    |   File "/Users/dashon/.pyenv/versions/3.10.4/lib/python3.10/contextlib.py", line 153, in __exit__
    |     self.gen.throw(typ, value, traceback)
    |   File "/Users/dashon/Development/Applications/Cannabis-Marketing-Assistant-Backend-dashboard-Alpha/myenv/lib/python3.10/site-packages/starlette/_utils.py", line 93, in collapse_excgroups
    |     raise exc
    |   File "/Users/dashon/Development/Applications/Cannabis-Marketing-Assistant-Backend-dashboard-Alpha/myenv/lib/python3.10/site-packages/starlette/middleware/base.py", line 191, in __call__
    |     response = await self.dispatch_func(request, call_next)
    |   File "/Users/dashon/Development/Applications/Cannabis-Marketing-Assistant-Backend-dashboard-Alpha/app/main.py", line 57, in add_security_headers
    |     response = await call_next(request)
    |   File "/Users/dashon/Development/Applications/Cannabis-Marketing-Assistant-Backend-dashboard-Alpha/myenv/lib/python3.10/site-packages/starlette/middleware/base.py", line 165, in call_next
    |     raise app_exc
    |   File "/Users/dashon/Development/Applications/Cannabis-Marketing-Assistant-Backend-dashboard-Alpha/myenv/lib/python3.10/site-packages/starlette/middleware/base.py", line 151, in coro
    |     await self.app(scope, receive_or_disconnect, send_no_error)
    |   File "/Users/dashon/Development/Applications/Cannabis-Marketing-Assistant-Backend-dashboard-Alpha/myenv/lib/python3.10/site-packages/starlette/middleware/trustedhost.py", line 36, in __call__
    |     await self.app(scope, receive, send)
    |   File "/Users/dashon/Development/Applications/Cannabis-Marketing-Assistant-Backend-dashboard-Alpha/myenv/lib/python3.10/site-packages/starlette/middleware/sessions.py", line 85, in __call__
    |     await self.app(scope, receive, send_wrapper)
    |   File "/Users/dashon/Development/Applications/Cannabis-Marketing-Assistant-Backend-dashboard-Alpha/myenv/lib/python3.10/site-packages/starlette/middleware/cors.py", line 93, in __call__
    |     await self.simple_response(scope, receive, send, request_headers=headers)
    |   File "/Users/dashon/Development/Applications/Cannabis-Marketing-Assistant-Backend-dashboard-Alpha/myenv/lib/python3.10/site-packages/starlette/middleware/cors.py", line 148, in simple_response
    |     await self.app(scope, receive, send)
    |   File "/Users/dashon/Development/Applications/Cannabis-Marketing-Assistant-Backend-dashboard-Alpha/myenv/lib/python3.10/site-packages/starlette/middleware/exceptions.py", line 65, in __call__
    |     await wrap_app_handling_exceptions(self.app, conn)(scope, receive, send)
    |   File "/Users/dashon/Development/Applications/Cannabis-Marketing-Assistant-Backend-dashboard-Alpha/myenv/lib/python3.10/site-packages/starlette/_exception_handler.py", line 64, in wrapped_app
    |     raise exc
    |   File "/Users/dashon/Development/Applications/Cannabis-Marketing-Assistant-Backend-dashboard-Alpha/myenv/lib/python3.10/site-packages/starlette/_exception_handler.py", line 53, in wrapped_app
    |     await app(scope, receive, sender)
    |   File "/Users/dashon/Development/Applications/Cannabis-Marketing-Assistant-Backend-dashboard-Alpha/myenv/lib/python3.10/site-packages/starlette/routing.py", line 756, in __call__
    |     await self.middleware_stack(scope, receive, send)
    |   File "/Users/dashon/Development/Applications/Cannabis-Marketing-Assistant-Backend-dashboard-Alpha/myenv/lib/python3.10/site-packages/starlette/routing.py", line 776, in app
    |     await route.handle(scope, receive, send)
    |   File "/Users/dashon/Development/Applications/Cannabis-Marketing-Assistant-Backend-dashboard-Alpha/myenv/lib/python3.10/site-packages/starlette/routing.py", line 297, in handle
    |     await self.app(scope, receive, send)
    |   File "/Users/dashon/Development/Applications/Cannabis-Marketing-Assistant-Backend-dashboard-Alpha/myenv/lib/python3.10/site-packages/starlette/routing.py", line 77, in app
    |     await wrap_app_handling_exceptions(app, request)(scope, receive, send)
    |   File "/Users/dashon/Development/Applications/Cannabis-Marketing-Assistant-Backend-dashboard-Alpha/myenv/lib/python3.10/site-packages/starlette/_exception_handler.py", line 64, in wrapped_app
    |     raise exc
    |   File "/Users/dashon/Development/Applications/Cannabis-Marketing-Assistant-Backend-dashboard-Alpha/myenv/lib/python3.10/site-packages/starlette/_exception_handler.py", line 53, in wrapped_app
    |     await app(scope, receive, sender)
    |   File "/Users/dashon/Development/Applications/Cannabis-Marketing-Assistant-Backend-dashboard-Alpha/myenv/lib/python3.10/site-packages/starlette/routing.py", line 72, in app
    |     response = await func(request)
    |   File "/Users/dashon/Development/Applications/Cannabis-Marketing-Assistant-Backend-dashboard-Alpha/myenv/lib/python3.10/site-packages/fastapi/routing.py", line 278, in app
    |     raw_response = await run_endpoint_function(
    |   File "/Users/dashon/Development/Applications/Cannabis-Marketing-Assistant-Backend-dashboard-Alpha/myenv/lib/python3.10/site-packages/fastapi/routing.py", line 191, in run_endpoint_function
    |     return await dependant.call(**values)
    |   File "/Users/dashon/Development/Applications/Cannabis-Marketing-Assistant-Backend-dashboard-Alpha/app/routes.py", line 216, in read_products
    |     results = get_products(skip=skip, limit=limit)
    |   File "/Users/dashon/Development/Applications/Cannabis-Marketing-Assistant-Backend-dashboard-Alpha/app/crud.py", line 137, in get_products
    |     docs = products_ref.offset(skip).limit(limit).stream()
    |   File "/Users/dashon/Development/Applications/Cannabis-Marketing-Assistant-Backend-dashboard-Alpha/app/firebase_utils.py", line 78, in __getattr__
    |     return getattr(self.client, name)
    |   File "/Users/dashon/Development/Applications/Cannabis-Marketing-Assistant-Backend-dashboard-Alpha/app/firebase_utils.py", line 78, in __getattr__
    |     return getattr(self.client, name)
    |   File "/Users/dashon/Development/Applications/Cannabis-Marketing-Assistant-Backend-dashboard-Alpha/app/firebase_utils.py", line 78, in __getattr__
    |     return getattr(self.client, name)
    |   [Previous line repeated 968 more times]
    | RecursionError: maximum recursion depth exceeded
    +------------------------------------

During handling of the above exception, another exception occurred:

Traceback (most recent call last):
  File "/Users/dashon/Development/Applications/Cannabis-Marketing-Assistant-Backend-dashboard-Alpha/myenv/lib/python3.10/site-packages/starlette/middleware/errors.py", line 164, in __call__
    await self.app(scope, receive, _send)
  File "/Users/dashon/Development/Applications/Cannabis-Marketing-Assistant-Backend-dashboard-Alpha/myenv/lib/python3.10/site-packages/starlette/middleware/base.py", line 189, in __call__
    with collapse_excgroups():
  File "/Users/dashon/.pyenv/versions/3.10.4/lib/python3.10/contextlib.py", line 153, in __exit__
    self.gen.throw(typ, value, traceback)
  File "/Users/dashon/Development/Applications/Cannabis-Marketing-Assistant-Backend-dashboard-Alpha/myenv/lib/python3.10/site-packages/starlette/_utils.py", line 93, in collapse_excgroups
    raise exc
  File "/Users/dashon/Development/Applications/Cannabis-Marketing-Assistant-Backend-dashboard-Alpha/myenv/lib/python3.10/site-packages/starlette/middleware/base.py", line 191, in __call__
    response = await self.dispatch_func(request, call_next)
  File "/Users/dashon/Development/Applications/Cannabis-Marketing-Assistant-Backend-dashboard-Alpha/app/main.py", line 57, in add_security_headers
    response = await call_next(request)
  File "/Users/dashon/Development/Applications/Cannabis-Marketing-Assistant-Backend-dashboard-Alpha/myenv/lib/python3.10/site-packages/starlette/middleware/base.py", line 165, in call_next
    raise app_exc
  File "/Users/dashon/Development/Applications/Cannabis-Marketing-Assistant-Backend-dashboard-Alpha/myenv/lib/python3.10/site-packages/starlette/middleware/base.py", line 151, in coro
    await self.app(scope, receive_or_disconnect, send_no_error)
  File "/Users/dashon/Development/Applications/Cannabis-Marketing-Assistant-Backend-dashboard-Alpha/myenv/lib/python3.10/site-packages/starlette/middleware/trustedhost.py", line 36, in __call__
    await self.app(scope, receive, send)
  File "/Users/dashon/Development/Applications/Cannabis-Marketing-Assistant-Backend-dashboard-Alpha/myenv/lib/python3.10/site-packages/starlette/middleware/sessions.py", line 85, in __call__
    await self.app(scope, receive, send_wrapper)
  File "/Users/dashon/Development/Applications/Cannabis-Marketing-Assistant-Backend-dashboard-Alpha/myenv/lib/python3.10/site-packages/starlette/middleware/cors.py", line 93, in __call__
    await self.simple_response(scope, receive, send, request_headers=headers)
  File "/Users/dashon/Development/Applications/Cannabis-Marketing-Assistant-Backend-dashboard-Alpha/myenv/lib/python3.10/site-packages/starlette/middleware/cors.py", line 148, in simple_response
    await self.app(scope, receive, send)
  File "/Users/dashon/Development/Applications/Cannabis-Marketing-Assistant-Backend-dashboard-Alpha/myenv/lib/python3.10/site-packages/starlette/middleware/exceptions.py", line 65, in __call__
    await wrap_app_handling_exceptions(self.app, conn)(scope, receive, send)
  File "/Users/dashon/Development/Applications/Cannabis-Marketing-Assistant-Backend-dashboard-Alpha/myenv/lib/python3.10/site-packages/starlette/_exception_handler.py", line 64, in wrapped_app
    raise exc
  File "/Users/dashon/Development/Applications/Cannabis-Marketing-Assistant-Backend-dashboard-Alpha/myenv/lib/python3.10/site-packages/starlette/_exception_handler.py", line 53, in wrapped_app
    await app(scope, receive, sender)
  File "/Users/dashon/Development/Applications/Cannabis-Marketing-Assistant-Backend-dashboard-Alpha/myenv/lib/python3.10/site-packages/starlette/routing.py", line 756, in __call__
    await self.middleware_stack(scope, receive, send)
  File "/Users/dashon/Development/Applications/Cannabis-Marketing-Assistant-Backend-dashboard-Alpha/myenv/lib/python3.10/site-packages/starlette/routing.py", line 776, in app
    await route.handle(scope, receive, send)
  File "/Users/dashon/Development/Applications/Cannabis-Marketing-Assistant-Backend-dashboard-Alpha/myenv/lib/python3.10/site-packages/starlette/routing.py", line 297, in handle
    await self.app(scope, receive, send)
  File "/Users/dashon/Development/Applications/Cannabis-Marketing-Assistant-Backend-dashboard-Alpha/myenv/lib/python3.10/site-packages/starlette/routing.py", line 77, in app
    await wrap_app_handling_exceptions(app, request)(scope, receive, send)
  File "/Users/dashon/Development/Applications/Cannabis-Marketing-Assistant-Backend-dashboard-Alpha/myenv/lib/python3.10/site-packages/starlette/_exception_handler.py", line 64, in wrapped_app
    raise exc
  File "/Users/dashon/Development/Applications/Cannabis-Marketing-Assistant-Backend-dashboard-Alpha/myenv/lib/python3.10/site-packages/starlette/_exception_handler.py", line 53, in wrapped_app
    await app(scope, receive, sender)
  File "/Users/dashon/Development/Applications/Cannabis-Marketing-Assistant-Backend-dashboard-Alpha/myenv/lib/python3.10/site-packages/starlette/routing.py", line 72, in app
    response = await func(request)
  File "/Users/dashon/Development/Applications/Cannabis-Marketing-Assistant-Backend-dashboard-Alpha/myenv/lib/python3.10/site-packages/fastapi/routing.py", line 278, in app
    raw_response = await run_endpoint_function(
  File "/Users/dashon/Development/Applications/Cannabis-Marketing-Assistant-Backend-dashboard-Alpha/myenv/lib/python3.10/site-packages/fastapi/routing.py", line 191, in run_endpoint_function
    return await dependant.call(**values)
  File "/Users/dashon/Development/Applications/Cannabis-Marketing-Assistant-Backend-dashboard-Alpha/app/routes.py", line 216, in read_products
    results = get_products(skip=skip, limit=limit)
  File "/Users/dashon/Development/Applications/Cannabis-Marketing-Assistant-Backend-dashboard-Alpha/app/crud.py", line 137, in get_products
    docs = products_ref.offset(skip).limit(limit).stream()
  File "/Users/dashon/Development/Applications/Cannabis-Marketing-Assistant-Backend-dashboard-Alpha/app/firebase_utils.py", line 78, in __getattr__
    return getattr(self.client, name)
  File "/Users/dashon/Development/Applications/Cannabis-Marketing-Assistant-Backend-dashboard-Alpha/app/firebase_utils.py", line 78, in __getattr__
    return getattr(self.client, name)
  File "/Users/dashon/Development/Applications/Cannabis-Marketing-Assistant-Backend-dashboard-Alpha/app/firebase_utils.py", line 78, in __getattr__
    return getattr(self.client, name)
  [Previous line repeated 968 more times]
RecursionError: maximum recursion depth exceeded
2024-09-24 11:49:09,624 - app.config - DEBUG - Cached user chats in Redis for user_id: ciyXUK32xbVlkdQwvFwEnNw0Sxy1, page: 1
2024-09-24 11:49:10,165 - app.config - ERROR - Unhandled exception: maximum recursion depth exceeded
  + Exception Group Traceback (most recent call last):
  |   File "/Users/dashon/Development/Applications/Cannabis-Marketing-Assistant-Backend-dashboard-Alpha/myenv/lib/python3.10/site-packages/starlette/_utils.py", line 87, in collapse_excgroups
  |     yield
  |   File "/Users/dashon/Development/Applications/Cannabis-Marketing-Assistant-Backend-dashboard-Alpha/myenv/lib/python3.10/site-packages/starlette/middleware/base.py", line 190, in __call__
  |     async with anyio.create_task_group() as task_group:
  |   File "/Users/dashon/Development/Applications/Cannabis-Marketing-Assistant-Backend-dashboard-Alpha/myenv/lib/python3.10/site-packages/anyio/_backends/_asyncio.py", line 680, in __aexit__
  |     raise BaseExceptionGroup(
  | exceptiongroup.ExceptionGroup: unhandled errors in a TaskGroup (1 sub-exception)
  +-+---------------- 1 ----------------
    | Traceback (most recent call last):
    |   File "/Users/dashon/Development/Applications/Cannabis-Marketing-Assistant-Backend-dashboard-Alpha/myenv/lib/python3.10/site-packages/starlette/middleware/errors.py", line 164, in __call__
    |     await self.app(scope, receive, _send)
    |   File "/Users/dashon/Development/Applications/Cannabis-Marketing-Assistant-Backend-dashboard-Alpha/myenv/lib/python3.10/site-packages/starlette/middleware/base.py", line 189, in __call__
    |     with collapse_excgroups():
    |   File "/Users/dashon/.pyenv/versions/3.10.4/lib/python3.10/contextlib.py", line 153, in __exit__
    |     self.gen.throw(typ, value, traceback)
    |   File "/Users/dashon/Development/Applications/Cannabis-Marketing-Assistant-Backend-dashboard-Alpha/myenv/lib/python3.10/site-packages/starlette/_utils.py", line 93, in collapse_excgroups
    |     raise exc
    |   File "/Users/dashon/Development/Applications/Cannabis-Marketing-Assistant-Backend-dashboard-Alpha/myenv/lib/python3.10/site-packages/starlette/middleware/base.py", line 191, in __call__
    |     response = await self.dispatch_func(request, call_next)
    |   File "/Users/dashon/Development/Applications/Cannabis-Marketing-Assistant-Backend-dashboard-Alpha/app/main.py", line 57, in add_security_headers
    |     response = await call_next(request)
    |   File "/Users/dashon/Development/Applications/Cannabis-Marketing-Assistant-Backend-dashboard-Alpha/myenv/lib/python3.10/site-packages/starlette/middleware/base.py", line 165, in call_next
    |     raise app_exc
    |   File "/Users/dashon/Development/Applications/Cannabis-Marketing-Assistant-Backend-dashboard-Alpha/myenv/lib/python3.10/site-packages/starlette/middleware/base.py", line 151, in coro
    |     await self.app(scope, receive_or_disconnect, send_no_error)
    |   File "/Users/dashon/Development/Applications/Cannabis-Marketing-Assistant-Backend-dashboard-Alpha/myenv/lib/python3.10/site-packages/starlette/middleware/trustedhost.py", line 36, in __call__
    |     await self.app(scope, receive, send)
    |   File "/Users/dashon/Development/Applications/Cannabis-Marketing-Assistant-Backend-dashboard-Alpha/myenv/lib/python3.10/site-packages/starlette/middleware/sessions.py", line 85, in __call__
    |     await self.app(scope, receive, send_wrapper)
    |   File "/Users/dashon/Development/Applications/Cannabis-Marketing-Assistant-Backend-dashboard-Alpha/myenv/lib/python3.10/site-packages/starlette/middleware/cors.py", line 93, in __call__
    |     await self.simple_response(scope, receive, send, request_headers=headers)
    |   File "/Users/dashon/Development/Applications/Cannabis-Marketing-Assistant-Backend-dashboard-Alpha/myenv/lib/python3.10/site-packages/starlette/middleware/cors.py", line 148, in simple_response
    |     await self.app(scope, receive, send)
    |   File "/Users/dashon/Development/Applications/Cannabis-Marketing-Assistant-Backend-dashboard-Alpha/myenv/lib/python3.10/site-packages/starlette/middleware/exceptions.py", line 65, in __call__
    |     await wrap_app_handling_exceptions(self.app, conn)(scope, receive, send)
    |   File "/Users/dashon/Development/Applications/Cannabis-Marketing-Assistant-Backend-dashboard-Alpha/myenv/lib/python3.10/site-packages/starlette/_exception_handler.py", line 64, in wrapped_app
    |     raise exc
    |   File "/Users/dashon/Development/Applications/Cannabis-Marketing-Assistant-Backend-dashboard-Alpha/myenv/lib/python3.10/site-packages/starlette/_exception_handler.py", line 53, in wrapped_app
    |     await app(scope, receive, sender)
    |   File "/Users/dashon/Development/Applications/Cannabis-Marketing-Assistant-Backend-dashboard-Alpha/myenv/lib/python3.10/site-packages/starlette/routing.py", line 756, in __call__
    |     await self.middleware_stack(scope, receive, send)
    |   File "/Users/dashon/Development/Applications/Cannabis-Marketing-Assistant-Backend-dashboard-Alpha/myenv/lib/python3.10/site-packages/starlette/routing.py", line 776, in app
    |     await route.handle(scope, receive, send)
    |   File "/Users/dashon/Development/Applications/Cannabis-Marketing-Assistant-Backend-dashboard-Alpha/myenv/lib/python3.10/site-packages/starlette/routing.py", line 297, in handle
    |     await self.app(scope, receive, send)
    |   File "/Users/dashon/Development/Applications/Cannabis-Marketing-Assistant-Backend-dashboard-Alpha/myenv/lib/python3.10/site-packages/starlette/routing.py", line 77, in app
    |     await wrap_app_handling_exceptions(app, request)(scope, receive, send)
    |   File "/Users/dashon/Development/Applications/Cannabis-Marketing-Assistant-Backend-dashboard-Alpha/myenv/lib/python3.10/site-packages/starlette/_exception_handler.py", line 64, in wrapped_app
    |     raise exc
    |   File "/Users/dashon/Development/Applications/Cannabis-Marketing-Assistant-Backend-dashboard-Alpha/myenv/lib/python3.10/site-packages/starlette/_exception_handler.py", line 53, in wrapped_app
    |     await app(scope, receive, sender)
    |   File "/Users/dashon/Development/Applications/Cannabis-Marketing-Assistant-Backend-dashboard-Alpha/myenv/lib/python3.10/site-packages/starlette/routing.py", line 72, in app
    |     response = await func(request)
    |   File "/Users/dashon/Development/Applications/Cannabis-Marketing-Assistant-Backend-dashboard-Alpha/myenv/lib/python3.10/site-packages/fastapi/routing.py", line 278, in app
    |     raw_response = await run_endpoint_function(
    |   File "/Users/dashon/Development/Applications/Cannabis-Marketing-Assistant-Backend-dashboard-Alpha/myenv/lib/python3.10/site-packages/fastapi/routing.py", line 191, in run_endpoint_function
    |     return await dependant.call(**values)
    |   File "/Users/dashon/Development/Applications/Cannabis-Marketing-Assistant-Backend-dashboard-Alpha/app/routes.py", line 216, in read_products
    |     results = get_products(skip=skip, limit=limit)
    |   File "/Users/dashon/Development/Applications/Cannabis-Marketing-Assistant-Backend-dashboard-Alpha/app/crud.py", line 137, in get_products
    |     docs = products_ref.offset(skip).limit(limit).stream()
    |   File "/Users/dashon/Development/Applications/Cannabis-Marketing-Assistant-Backend-dashboard-Alpha/app/firebase_utils.py", line 78, in __getattr__
    |     return getattr(self.client, name)
    |   File "/Users/dashon/Development/Applications/Cannabis-Marketing-Assistant-Backend-dashboard-Alpha/app/firebase_utils.py", line 78, in __getattr__
    |     return getattr(self.client, name)
    |   File "/Users/dashon/Development/Applications/Cannabis-Marketing-Assistant-Backend-dashboard-Alpha/app/firebase_utils.py", line 78, in __getattr__
    |     return getattr(self.client, name)
    |   [Previous line repeated 968 more times]
    | RecursionError: maximum recursion depth exceeded
    +------------------------------------

During handling of the above exception, another exception occurred:

Traceback (most recent call last):
  File "/Users/dashon/Development/Applications/Cannabis-Marketing-Assistant-Backend-dashboard-Alpha/myenv/lib/python3.10/site-packages/starlette/middleware/errors.py", line 164, in __call__
    await self.app(scope, receive, _send)
  File "/Users/dashon/Development/Applications/Cannabis-Marketing-Assistant-Backend-dashboard-Alpha/myenv/lib/python3.10/site-packages/starlette/middleware/base.py", line 189, in __call__
    with collapse_excgroups():
  File "/Users/dashon/.pyenv/versions/3.10.4/lib/python3.10/contextlib.py", line 153, in __exit__
    self.gen.throw(typ, value, traceback)
  File "/Users/dashon/Development/Applications/Cannabis-Marketing-Assistant-Backend-dashboard-Alpha/myenv/lib/python3.10/site-packages/starlette/_utils.py", line 93, in collapse_excgroups
    raise exc
  File "/Users/dashon/Development/Applications/Cannabis-Marketing-Assistant-Backend-dashboard-Alpha/myenv/lib/python3.10/site-packages/starlette/middleware/base.py", line 191, in __call__
    response = await self.dispatch_func(request, call_next)
  File "/Users/dashon/Development/Applications/Cannabis-Marketing-Assistant-Backend-dashboard-Alpha/app/main.py", line 57, in add_security_headers
    response = await call_next(request)
  File "/Users/dashon/Development/Applications/Cannabis-Marketing-Assistant-Backend-dashboard-Alpha/myenv/lib/python3.10/site-packages/starlette/middleware/base.py", line 165, in call_next
    raise app_exc
  File "/Users/dashon/Development/Applications/Cannabis-Marketing-Assistant-Backend-dashboard-Alpha/myenv/lib/python3.10/site-packages/starlette/middleware/base.py", line 151, in coro
    await self.app(scope, receive_or_disconnect, send_no_error)
  File "/Users/dashon/Development/Applications/Cannabis-Marketing-Assistant-Backend-dashboard-Alpha/myenv/lib/python3.10/site-packages/starlette/middleware/trustedhost.py", line 36, in __call__
    await self.app(scope, receive, send)
  File "/Users/dashon/Development/Applications/Cannabis-Marketing-Assistant-Backend-dashboard-Alpha/myenv/lib/python3.10/site-packages/starlette/middleware/sessions.py", line 85, in __call__
    await self.app(scope, receive, send_wrapper)
  File "/Users/dashon/Development/Applications/Cannabis-Marketing-Assistant-Backend-dashboard-Alpha/myenv/lib/python3.10/site-packages/starlette/middleware/cors.py", line 93, in __call__
    await self.simple_response(scope, receive, send, request_headers=headers)
  File "/Users/dashon/Development/Applications/Cannabis-Marketing-Assistant-Backend-dashboard-Alpha/myenv/lib/python3.10/site-packages/starlette/middleware/cors.py", line 148, in simple_response
    await self.app(scope, receive, send)
  File "/Users/dashon/Development/Applications/Cannabis-Marketing-Assistant-Backend-dashboard-Alpha/myenv/lib/python3.10/site-packages/starlette/middleware/exceptions.py", line 65, in __call__
    await wrap_app_handling_exceptions(self.app, conn)(scope, receive, send)
  File "/Users/dashon/Development/Applications/Cannabis-Marketing-Assistant-Backend-dashboard-Alpha/myenv/lib/python3.10/site-packages/starlette/_exception_handler.py", line 64, in wrapped_app
    raise exc
  File "/Users/dashon/Development/Applications/Cannabis-Marketing-Assistant-Backend-dashboard-Alpha/myenv/lib/python3.10/site-packages/starlette/_exception_handler.py", line 53, in wrapped_app
    await app(scope, receive, sender)
  File "/Users/dashon/Development/Applications/Cannabis-Marketing-Assistant-Backend-dashboard-Alpha/myenv/lib/python3.10/site-packages/starlette/routing.py", line 756, in __call__
    await self.middleware_stack(scope, receive, send)
  File "/Users/dashon/Development/Applications/Cannabis-Marketing-Assistant-Backend-dashboard-Alpha/myenv/lib/python3.10/site-packages/starlette/routing.py", line 776, in app
    await route.handle(scope, receive, send)
  File "/Users/dashon/Development/Applications/Cannabis-Marketing-Assistant-Backend-dashboard-Alpha/myenv/lib/python3.10/site-packages/starlette/routing.py", line 297, in handle
    await self.app(scope, receive, send)
  File "/Users/dashon/Development/Applications/Cannabis-Marketing-Assistant-Backend-dashboard-Alpha/myenv/lib/python3.10/site-packages/starlette/routing.py", line 77, in app
    await wrap_app_handling_exceptions(app, request)(scope, receive, send)
  File "/Users/dashon/Development/Applications/Cannabis-Marketing-Assistant-Backend-dashboard-Alpha/myenv/lib/python3.10/site-packages/starlette/_exception_handler.py", line 64, in wrapped_app
    raise exc
  File "/Users/dashon/Development/Applications/Cannabis-Marketing-Assistant-Backend-dashboard-Alpha/myenv/lib/python3.10/site-packages/starlette/_exception_handler.py", line 53, in wrapped_app
    await app(scope, receive, sender)
  File "/Users/dashon/Development/Applications/Cannabis-Marketing-Assistant-Backend-dashboard-Alpha/myenv/lib/python3.10/site-packages/starlette/routing.py", line 72, in app
    response = await func(request)
  File "/Users/dashon/Development/Applications/Cannabis-Marketing-Assistant-Backend-dashboard-Alpha/myenv/lib/python3.10/site-packages/fastapi/routing.py", line 278, in app
    raw_response = await run_endpoint_function(
  File "/Users/dashon/Development/Applications/Cannabis-Marketing-Assistant-Backend-dashboard-Alpha/myenv/lib/python3.10/site-packages/fastapi/routing.py", line 191, in run_endpoint_function
    return await dependant.call(**values)
  File "/Users/dashon/Development/Applications/Cannabis-Marketing-Assistant-Backend-dashboard-Alpha/app/routes.py", line 216, in read_products
    results = get_products(skip=skip, limit=limit)
  File "/Users/dashon/Development/Applications/Cannabis-Marketing-Assistant-Backend-dashboard-Alpha/app/crud.py", line 137, in get_products
    docs = products_ref.offset(skip).limit(limit).stream()
  File "/Users/dashon/Development/Applications/Cannabis-Marketing-Assistant-Backend-dashboard-Alpha/app/firebase_utils.py", line 78, in __getattr__
    return getattr(self.client, name)
  File "/Users/dashon/Development/Applications/Cannabis-Marketing-Assistant-Backend-dashboard-Alpha/app/firebase_utils.py", line 78, in __getattr__
    return getattr(self.client, name)
  File "/Users/dashon/Development/Applications/Cannabis-Marketing-Assistant-Backend-dashboard-Alpha/app/firebase_utils.py", line 78, in __getattr__
    return getattr(self.client, name)
  [Previous line repeated 968 more times]
RecursionError: maximum recursion depth exceeded
2024-09-24 11:49:10,480 - app.config - DEBUG - User authenticated with user_id: ciyXUK32xbVlkdQwvFwEnNw0Sxy1
2024-09-24 11:49:10,482 - app.config - DEBUG - Retrieved user chats from Redis for user_id: ciyXUK32xbVlkdQwvFwEnNw0Sxy1, page: 1
2024-09-24 11:49:11,019 - app.config - ERROR - Unhandled exception: maximum recursion depth exceeded
  + Exception Group Traceback (most recent call last):
  |   File "/Users/dashon/Development/Applications/Cannabis-Marketing-Assistant-Backend-dashboard-Alpha/myenv/lib/python3.10/site-packages/starlette/_utils.py", line 87, in collapse_excgroups
  |     yield
  |   File "/Users/dashon/Development/Applications/Cannabis-Marketing-Assistant-Backend-dashboard-Alpha/myenv/lib/python3.10/site-packages/starlette/middleware/base.py", line 190, in __call__
  |     async with anyio.create_task_group() as task_group:
  |   File "/Users/dashon/Development/Applications/Cannabis-Marketing-Assistant-Backend-dashboard-Alpha/myenv/lib/python3.10/site-packages/anyio/_backends/_asyncio.py", line 680, in __aexit__
  |     raise BaseExceptionGroup(
  | exceptiongroup.ExceptionGroup: unhandled errors in a TaskGroup (1 sub-exception)
  +-+---------------- 1 ----------------
    | Traceback (most recent call last):
    |   File "/Users/dashon/Development/Applications/Cannabis-Marketing-Assistant-Backend-dashboard-Alpha/myenv/lib/python3.10/site-packages/starlette/middleware/errors.py", line 164, in __call__
    |     await self.app(scope, receive, _send)
    |   File "/Users/dashon/Development/Applications/Cannabis-Marketing-Assistant-Backend-dashboard-Alpha/myenv/lib/python3.10/site-packages/starlette/middleware/base.py", line 189, in __call__
    |     with collapse_excgroups():
    |   File "/Users/dashon/.pyenv/versions/3.10.4/lib/python3.10/contextlib.py", line 153, in __exit__
    |     self.gen.throw(typ, value, traceback)
    |   File "/Users/dashon/Development/Applications/Cannabis-Marketing-Assistant-Backend-dashboard-Alpha/myenv/lib/python3.10/site-packages/starlette/_utils.py", line 93, in collapse_excgroups
    |     raise exc
    |   File "/Users/dashon/Development/Applications/Cannabis-Marketing-Assistant-Backend-dashboard-Alpha/myenv/lib/python3.10/site-packages/starlette/middleware/base.py", line 191, in __call__
    |     response = await self.dispatch_func(request, call_next)
    |   File "/Users/dashon/Development/Applications/Cannabis-Marketing-Assistant-Backend-dashboard-Alpha/app/main.py", line 57, in add_security_headers
    |     response = await call_next(request)
    |   File "/Users/dashon/Development/Applications/Cannabis-Marketing-Assistant-Backend-dashboard-Alpha/myenv/lib/python3.10/site-packages/starlette/middleware/base.py", line 165, in call_next
    |     raise app_exc
    |   File "/Users/dashon/Development/Applications/Cannabis-Marketing-Assistant-Backend-dashboard-Alpha/myenv/lib/python3.10/site-packages/starlette/middleware/base.py", line 151, in coro
    |     await self.app(scope, receive_or_disconnect, send_no_error)
    |   File "/Users/dashon/Development/Applications/Cannabis-Marketing-Assistant-Backend-dashboard-Alpha/myenv/lib/python3.10/site-packages/starlette/middleware/trustedhost.py", line 36, in __call__
    |     await self.app(scope, receive, send)
    |   File "/Users/dashon/Development/Applications/Cannabis-Marketing-Assistant-Backend-dashboard-Alpha/myenv/lib/python3.10/site-packages/starlette/middleware/sessions.py", line 85, in __call__
    |     await self.app(scope, receive, send_wrapper)
    |   File "/Users/dashon/Development/Applications/Cannabis-Marketing-Assistant-Backend-dashboard-Alpha/myenv/lib/python3.10/site-packages/starlette/middleware/cors.py", line 93, in __call__
    |     await self.simple_response(scope, receive, send, request_headers=headers)
    |   File "/Users/dashon/Development/Applications/Cannabis-Marketing-Assistant-Backend-dashboard-Alpha/myenv/lib/python3.10/site-packages/starlette/middleware/cors.py", line 148, in simple_response
    |     await self.app(scope, receive, send)
    |   File "/Users/dashon/Development/Applications/Cannabis-Marketing-Assistant-Backend-dashboard-Alpha/myenv/lib/python3.10/site-packages/starlette/middleware/exceptions.py", line 65, in __call__
    |     await wrap_app_handling_exceptions(self.app, conn)(scope, receive, send)
    |   File "/Users/dashon/Development/Applications/Cannabis-Marketing-Assistant-Backend-dashboard-Alpha/myenv/lib/python3.10/site-packages/starlette/_exception_handler.py", line 64, in wrapped_app
    |     raise exc
    |   File "/Users/dashon/Development/Applications/Cannabis-Marketing-Assistant-Backend-dashboard-Alpha/myenv/lib/python3.10/site-packages/starlette/_exception_handler.py", line 53, in wrapped_app
    |     await app(scope, receive, sender)
    |   File "/Users/dashon/Development/Applications/Cannabis-Marketing-Assistant-Backend-dashboard-Alpha/myenv/lib/python3.10/site-packages/starlette/routing.py", line 756, in __call__
    |     await self.middleware_stack(scope, receive, send)
    |   File "/Users/dashon/Development/Applications/Cannabis-Marketing-Assistant-Backend-dashboard-Alpha/myenv/lib/python3.10/site-packages/starlette/routing.py", line 776, in app
    |     await route.handle(scope, receive, send)
    |   File "/Users/dashon/Development/Applications/Cannabis-Marketing-Assistant-Backend-dashboard-Alpha/myenv/lib/python3.10/site-packages/starlette/routing.py", line 297, in handle
    |     await self.app(scope, receive, send)
    |   File "/Users/dashon/Development/Applications/Cannabis-Marketing-Assistant-Backend-dashboard-Alpha/myenv/lib/python3.10/site-packages/starlette/routing.py", line 77, in app
    |     await wrap_app_handling_exceptions(app, request)(scope, receive, send)
    |   File "/Users/dashon/Development/Applications/Cannabis-Marketing-Assistant-Backend-dashboard-Alpha/myenv/lib/python3.10/site-packages/starlette/_exception_handler.py", line 64, in wrapped_app
    |     raise exc
    |   File "/Users/dashon/Development/Applications/Cannabis-Marketing-Assistant-Backend-dashboard-Alpha/myenv/lib/python3.10/site-packages/starlette/_exception_handler.py", line 53, in wrapped_app
    |     await app(scope, receive, sender)
    |   File "/Users/dashon/Development/Applications/Cannabis-Marketing-Assistant-Backend-dashboard-Alpha/myenv/lib/python3.10/site-packages/starlette/routing.py", line 72, in app
    |     response = await func(request)
    |   File "/Users/dashon/Development/Applications/Cannabis-Marketing-Assistant-Backend-dashboard-Alpha/myenv/lib/python3.10/site-packages/fastapi/routing.py", line 278, in app
    |     raw_response = await run_endpoint_function(
    |   File "/Users/dashon/Development/Applications/Cannabis-Marketing-Assistant-Backend-dashboard-Alpha/myenv/lib/python3.10/site-packages/fastapi/routing.py", line 191, in run_endpoint_function
    |     return await dependant.call(**values)
    |   File "/Users/dashon/Development/Applications/Cannabis-Marketing-Assistant-Backend-dashboard-Alpha/app/routes.py", line 216, in read_products
    |     results = get_products(skip=skip, limit=limit)
    |   File "/Users/dashon/Development/Applications/Cannabis-Marketing-Assistant-Backend-dashboard-Alpha/app/crud.py", line 137, in get_products
    |     docs = products_ref.offset(skip).limit(limit).stream()
    |   File "/Users/dashon/Development/Applications/Cannabis-Marketing-Assistant-Backend-dashboard-Alpha/app/firebase_utils.py", line 78, in __getattr__
    |     return getattr(self.client, name)
    |   File "/Users/dashon/Development/Applications/Cannabis-Marketing-Assistant-Backend-dashboard-Alpha/app/firebase_utils.py", line 78, in __getattr__
    |     return getattr(self.client, name)
    |   File "/Users/dashon/Development/Applications/Cannabis-Marketing-Assistant-Backend-dashboard-Alpha/app/firebase_utils.py", line 78, in __getattr__
    |     return getattr(self.client, name)
    |   [Previous line repeated 968 more times]
    | RecursionError: maximum recursion depth exceeded
    +------------------------------------

During handling of the above exception, another exception occurred:

Traceback (most recent call last):
  File "/Users/dashon/Development/Applications/Cannabis-Marketing-Assistant-Backend-dashboard-Alpha/myenv/lib/python3.10/site-packages/starlette/middleware/errors.py", line 164, in __call__
    await self.app(scope, receive, _send)
  File "/Users/dashon/Development/Applications/Cannabis-Marketing-Assistant-Backend-dashboard-Alpha/myenv/lib/python3.10/site-packages/starlette/middleware/base.py", line 189, in __call__
    with collapse_excgroups():
  File "/Users/dashon/.pyenv/versions/3.10.4/lib/python3.10/contextlib.py", line 153, in __exit__
    self.gen.throw(typ, value, traceback)
  File "/Users/dashon/Development/Applications/Cannabis-Marketing-Assistant-Backend-dashboard-Alpha/myenv/lib/python3.10/site-packages/starlette/_utils.py", line 93, in collapse_excgroups
    raise exc
  File "/Users/dashon/Development/Applications/Cannabis-Marketing-Assistant-Backend-dashboard-Alpha/myenv/lib/python3.10/site-packages/starlette/middleware/base.py", line 191, in __call__
    response = await self.dispatch_func(request, call_next)
  File "/Users/dashon/Development/Applications/Cannabis-Marketing-Assistant-Backend-dashboard-Alpha/app/main.py", line 57, in add_security_headers
    response = await call_next(request)
  File "/Users/dashon/Development/Applications/Cannabis-Marketing-Assistant-Backend-dashboard-Alpha/myenv/lib/python3.10/site-packages/starlette/middleware/base.py", line 165, in call_next
    raise app_exc
  File "/Users/dashon/Development/Applications/Cannabis-Marketing-Assistant-Backend-dashboard-Alpha/myenv/lib/python3.10/site-packages/starlette/middleware/base.py", line 151, in coro
    await self.app(scope, receive_or_disconnect, send_no_error)
  File "/Users/dashon/Development/Applications/Cannabis-Marketing-Assistant-Backend-dashboard-Alpha/myenv/lib/python3.10/site-packages/starlette/middleware/trustedhost.py", line 36, in __call__
    await self.app(scope, receive, send)
  File "/Users/dashon/Development/Applications/Cannabis-Marketing-Assistant-Backend-dashboard-Alpha/myenv/lib/python3.10/site-packages/starlette/middleware/sessions.py", line 85, in __call__
    await self.app(scope, receive, send_wrapper)
  File "/Users/dashon/Development/Applications/Cannabis-Marketing-Assistant-Backend-dashboard-Alpha/myenv/lib/python3.10/site-packages/starlette/middleware/cors.py", line 93, in __call__
    await self.simple_response(scope, receive, send, request_headers=headers)
  File "/Users/dashon/Development/Applications/Cannabis-Marketing-Assistant-Backend-dashboard-Alpha/myenv/lib/python3.10/site-packages/starlette/middleware/cors.py", line 148, in simple_response
    await self.app(scope, receive, send)
  File "/Users/dashon/Development/Applications/Cannabis-Marketing-Assistant-Backend-dashboard-Alpha/myenv/lib/python3.10/site-packages/starlette/middleware/exceptions.py", line 65, in __call__
    await wrap_app_handling_exceptions(self.app, conn)(scope, receive, send)
  File "/Users/dashon/Development/Applications/Cannabis-Marketing-Assistant-Backend-dashboard-Alpha/myenv/lib/python3.10/site-packages/starlette/_exception_handler.py", line 64, in wrapped_app
    raise exc
  File "/Users/dashon/Development/Applications/Cannabis-Marketing-Assistant-Backend-dashboard-Alpha/myenv/lib/python3.10/site-packages/starlette/_exception_handler.py", line 53, in wrapped_app
    await app(scope, receive, sender)
  File "/Users/dashon/Development/Applications/Cannabis-Marketing-Assistant-Backend-dashboard-Alpha/myenv/lib/python3.10/site-packages/starlette/routing.py", line 756, in __call__
    await self.middleware_stack(scope, receive, send)
  File "/Users/dashon/Development/Applications/Cannabis-Marketing-Assistant-Backend-dashboard-Alpha/myenv/lib/python3.10/site-packages/starlette/routing.py", line 776, in app
    await route.handle(scope, receive, send)
  File "/Users/dashon/Development/Applications/Cannabis-Marketing-Assistant-Backend-dashboard-Alpha/myenv/lib/python3.10/site-packages/starlette/routing.py", line 297, in handle
    await self.app(scope, receive, send)
  File "/Users/dashon/Development/Applications/Cannabis-Marketing-Assistant-Backend-dashboard-Alpha/myenv/lib/python3.10/site-packages/starlette/routing.py", line 77, in app
    await wrap_app_handling_exceptions(app, request)(scope, receive, send)
  File "/Users/dashon/Development/Applications/Cannabis-Marketing-Assistant-Backend-dashboard-Alpha/myenv/lib/python3.10/site-packages/starlette/_exception_handler.py", line 64, in wrapped_app
    raise exc
  File "/Users/dashon/Development/Applications/Cannabis-Marketing-Assistant-Backend-dashboard-Alpha/myenv/lib/python3.10/site-packages/starlette/_exception_handler.py", line 53, in wrapped_app
    await app(scope, receive, sender)
  File "/Users/dashon/Development/Applications/Cannabis-Marketing-Assistant-Backend-dashboard-Alpha/myenv/lib/python3.10/site-packages/starlette/routing.py", line 72, in app
    response = await func(request)
  File "/Users/dashon/Development/Applications/Cannabis-Marketing-Assistant-Backend-dashboard-Alpha/myenv/lib/python3.10/site-packages/fastapi/routing.py", line 278, in app
    raw_response = await run_endpoint_function(
  File "/Users/dashon/Development/Applications/Cannabis-Marketing-Assistant-Backend-dashboard-Alpha/myenv/lib/python3.10/site-packages/fastapi/routing.py", line 191, in run_endpoint_function
    return await dependant.call(**values)
  File "/Users/dashon/Development/Applications/Cannabis-Marketing-Assistant-Backend-dashboard-Alpha/app/routes.py", line 216, in read_products
    results = get_products(skip=skip, limit=limit)
  File "/Users/dashon/Development/Applications/Cannabis-Marketing-Assistant-Backend-dashboard-Alpha/app/crud.py", line 137, in get_products
    docs = products_ref.offset(skip).limit(limit).stream()
  File "/Users/dashon/Development/Applications/Cannabis-Marketing-Assistant-Backend-dashboard-Alpha/app/firebase_utils.py", line 78, in __getattr__
    return getattr(self.client, name)
  File "/Users/dashon/Development/Applications/Cannabis-Marketing-Assistant-Backend-dashboard-Alpha/app/firebase_utils.py", line 78, in __getattr__
    return getattr(self.client, name)
  File "/Users/dashon/Development/Applications/Cannabis-Marketing-Assistant-Backend-dashboard-Alpha/app/firebase_utils.py", line 78, in __getattr__
    return getattr(self.client, name)
  [Previous line repeated 968 more times]
RecursionError: maximum recursion depth exceeded
2024-09-24 11:49:43,166 - app.config - DEBUG - Firebase credentials loaded from file: bakedbot-agents-firebase-adminsdk-raxn3-f1bb4d53ce.json
2024-09-24 11:49:43,166 - app.config - DEBUG - Firebase initialized successfully
2024-09-24 11:49:49,762 - app.config - DEBUG - User authenticated with user_id: ciyXUK32xbVlkdQwvFwEnNw0Sxy1
2024-09-24 11:49:49,920 - app.config - DEBUG - User authenticated with user_id: ciyXUK32xbVlkdQwvFwEnNw0Sxy1
2024-09-24 11:49:50,202 - app.config - DEBUG - Cached user chats in Redis for user_id: ciyXUK32xbVlkdQwvFwEnNw0Sxy1, page: 1
2024-09-24 11:49:50,397 - app.config - DEBUG - User authenticated with user_id: ciyXUK32xbVlkdQwvFwEnNw0Sxy1
2024-09-24 11:49:50,398 - app.config - DEBUG - Retrieved user chats from Redis for user_id: ciyXUK32xbVlkdQwvFwEnNw0Sxy1, page: 1
